<?xml version="1.0" encoding="UTF-8"?>
<robot generator="Robot 6.1 (Python 3.10.4 on linux)" generated="20230706 12:21:38.126" rpa="false" schemaversion="4">
<suite id="s1" name="Testcase" source="/home/tomek/Documents/nokia/robot/testcase.robot">
<test id="s1-t1" name="Search for a keyword on Google and verify the first result" line="27">
<kw name="Open Browser" library="SeleniumLibrary">
<arg>https://www.google.com</arg>
<arg>${BROWSER}</arg>
<doc>Opens a new browser instance to the optional ``url``.</doc>
<msg timestamp="20230706 12:21:38.401" level="INFO">Opening browser 'firefox' to base url 'https://www.google.com'.</msg>
<status status="PASS" starttime="20230706 12:21:38.400" endtime="20230706 12:21:44.199"/>
</kw>
<kw name="Maximize Browser Window" library="SeleniumLibrary">
<doc>Maximizes current browser window.</doc>
<status status="PASS" starttime="20230706 12:21:44.199" endtime="20230706 12:21:44.487"/>
</kw>
<kw name="Wait Until Page Contains Element" library="SeleniumLibrary">
<arg>//div[@class='GzLjMd']</arg>
<doc>Waits until the element ``locator`` appears on the current page.</doc>
<status status="PASS" starttime="20230706 12:21:44.488" endtime="20230706 12:21:44.513"/>
</kw>
<kw name="Click Element" library="SeleniumLibrary">
<arg>xpath=//div[@class='GzLjMd']/button[@id='L2AGLb']</arg>
<doc>Click the element identified by ``locator``.</doc>
<msg timestamp="20230706 12:21:44.515" level="INFO">Clicking element 'xpath=//div[@class='GzLjMd']/button[@id='L2AGLb']'.</msg>
<status status="PASS" starttime="20230706 12:21:44.514" endtime="20230706 12:21:44.783"/>
</kw>
<kw name="Input Text" library="SeleniumLibrary">
<arg>name:q</arg>
<arg>${SEARCH_KEYWORD}</arg>
<doc>Types the given ``text`` into the text field identified by ``locator``.</doc>
<msg timestamp="20230706 12:21:44.785" level="INFO">Typing text 'Nokia wikipedia' into text field 'name:q'.</msg>
<status status="PASS" starttime="20230706 12:21:44.783" endtime="20230706 12:21:44.843"/>
</kw>
<kw name="Press Keys" library="SeleniumLibrary">
<arg>name:q</arg>
<arg>ENTER</arg>
<doc>Simulates the user pressing key(s) to an element or on the active browser.</doc>
<msg timestamp="20230706 12:21:44.844" level="INFO">Sending key(s) ('ENTER',) to name:q element.</msg>
<msg timestamp="20230706 12:21:45.166" level="INFO">Pressing special key ENTER to element.</msg>
<msg timestamp="20230706 12:21:45.166" level="INFO">Releasing special key ENTER.</msg>
<status status="PASS" starttime="20230706 12:21:44.843" endtime="20230706 12:21:45.216"/>
</kw>
<kw name="Wait Until Page Contains Element" library="SeleniumLibrary">
<arg>css=#result-stats</arg>
<doc>Waits until the element ``locator`` appears on the current page.</doc>
<status status="PASS" starttime="20230706 12:21:45.216" endtime="20230706 12:21:45.696"/>
</kw>
<kw name="Get Element Count" library="SeleniumLibrary">
<var>${count}</var>
<arg>xpath=(//h3)/parent::a</arg>
<doc>Returns the number of elements matching ``locator``.</doc>
<msg timestamp="20230706 12:21:45.741" level="INFO">${count} = 9</msg>
<status status="PASS" starttime="20230706 12:21:45.696" endtime="20230706 12:21:45.741"/>
</kw>
<for flavor="IN RANGE">
<var>${index+1}</var>
<value>${count}</value>
<iter>
<var name="${index+1}">0</var>
<kw name="Check Loop Condition">
<var>${condition}</var>
<arg>${index+1}</arg>
<kw name="Get Text" library="SeleniumLibrary">
<var>${first_link}</var>
<arg>xpath=(//h3)[${index+1}]/parent::a</arg>
<doc>Returns the text value of the element identified by ``locator``.</doc>
<msg timestamp="20230706 12:21:45.828" level="INFO">${first_link} = Nokia – Wikipedia, wolna encyklopedia
wikipedia.org
https://pl.wikipedia.org › wiki › Nokia</msg>
<status status="PASS" starttime="20230706 12:21:45.742" endtime="20230706 12:21:45.828"/>
</kw>
<kw name="Run Keyword And Return Status" library="BuiltIn">
<var>${condition}</var>
<arg>Should Contain</arg>
<arg>${first_link}</arg>
<arg>Wikipedia</arg>
<doc>Runs the given keyword with given arguments and returns the status as a Boolean value.</doc>
<kw name="Should Contain" library="BuiltIn">
<arg>${first_link}</arg>
<arg>Wikipedia</arg>
<doc>Fails if ``container`` does not contain ``item`` one or more times.</doc>
<status status="PASS" starttime="20230706 12:21:45.829" endtime="20230706 12:21:45.829"/>
</kw>
<msg timestamp="20230706 12:21:45.829" level="INFO">${condition} = True</msg>
<status status="PASS" starttime="20230706 12:21:45.828" endtime="20230706 12:21:45.829"/>
</kw>
<msg timestamp="20230706 12:21:45.830" level="INFO">${condition} = True</msg>
<status status="PASS" starttime="20230706 12:21:45.742" endtime="20230706 12:21:45.830"/>
</kw>
<kw name="Run Keyword If" library="BuiltIn">
<arg>${condition}</arg>
<arg>Open Wikipedia Page</arg>
<arg>${index+1}</arg>
<doc>Runs the given keyword with the given arguments, if ``condition`` is true.</doc>
<kw name="Open Wikipedia Page">
<arg>${index+1}</arg>
<kw name="Click Element" library="SeleniumLibrary">
<arg>xpath=(//h3)[${index+1}]/parent::a</arg>
<doc>Click the element identified by ``locator``.</doc>
<msg timestamp="20230706 12:21:45.832" level="INFO">Clicking element 'xpath=(//h3)[1]/parent::a'.</msg>
<status status="PASS" starttime="20230706 12:21:45.831" endtime="20230706 12:21:47.808"/>
</kw>
<kw name="Wait Until Page Contains Element" library="SeleniumLibrary">
<arg>css=#firstHeading</arg>
<doc>Waits until the element ``locator`` appears on the current page.</doc>
<status status="PASS" starttime="20230706 12:21:47.808" endtime="20230706 12:21:47.908"/>
</kw>
<status status="PASS" starttime="20230706 12:21:45.830" endtime="20230706 12:21:47.908"/>
</kw>
<status status="PASS" starttime="20230706 12:21:45.830" endtime="20230706 12:21:47.908"/>
</kw>
<break>
<status status="PASS" starttime="20230706 12:21:47.908" endtime="20230706 12:21:47.908"/>
</break>
<status status="PASS" starttime="20230706 12:21:45.741" endtime="20230706 12:21:47.909"/>
</iter>
<status status="PASS" starttime="20230706 12:21:45.741" endtime="20230706 12:21:47.909"/>
</for>
<status status="PASS" starttime="20230706 12:21:38.399" endtime="20230706 12:21:47.909"/>
</test>
<status status="PASS" starttime="20230706 12:21:38.128" endtime="20230706 12:21:47.910"/>
</suite>
<statistics>
<total>
<stat pass="1" fail="0" skip="0">All Tests</stat>
</total>
<tag>
</tag>
<suite>
<stat pass="1" fail="0" skip="0" id="s1" name="Testcase">Testcase</stat>
</suite>
</statistics>
<errors>
</errors>
</robot>
